Performing C SOURCE FILE Test CMAKE_HAVE_LIBC_PTHREAD failed with the following output:
Change Dir: /home/egornulllet/Документы/tpark/ciz1/cmake-build-debug/CMakeFiles/CMakeTmp

Run Build Command(s):/snap/clion/184/bin/ninja/linux/ninja cmTC_7d33c && [1/2] Building C object CMakeFiles/cmTC_7d33c.dir/src.c.o
[2/2] Linking C executable cmTC_7d33c
FAILED: cmTC_7d33c 
: && /usr/bin/cc --coverage  CMakeFiles/cmTC_7d33c.dir/src.c.o -o cmTC_7d33c   && :
/usr/bin/ld: CMakeFiles/cmTC_7d33c.dir/src.c.o: в функции «main»:
src.c:(.text+0x6a): неопределённая ссылка на «pthread_create»
/usr/bin/ld: src.c:(.text+0x88): неопределённая ссылка на «pthread_detach»
/usr/bin/ld: src.c:(.text+0xa6): неопределённая ссылка на «pthread_cancel»
/usr/bin/ld: src.c:(.text+0xc9): неопределённая ссылка на «pthread_join»
collect2: error: ld returned 1 exit status
ninja: build stopped: subcommand failed.


Source file was:
#include <pthread.h>

static void* test_func(void* data)
{
  return data;
}

int main(void)
{
  pthread_t thread;
  pthread_create(&thread, NULL, test_func, NULL);
  pthread_detach(thread);
  pthread_cancel(thread);
  pthread_join(thread, NULL);
  pthread_atfork(NULL, NULL, NULL);
  pthread_exit(NULL);

  return 0;
}

Determining if the function pthread_create exists in the pthreads failed with the following output:
Change Dir: /home/egornulllet/Документы/tpark/ciz1/cmake-build-debug/CMakeFiles/CMakeTmp

Run Build Command(s):/snap/clion/184/bin/ninja/linux/ninja cmTC_536ab && [1/2] Building C object CMakeFiles/cmTC_536ab.dir/CheckFunctionExists.c.o
[2/2] Linking C executable cmTC_536ab
FAILED: cmTC_536ab 
: && /usr/bin/cc --coverage -DCHECK_FUNCTION_EXISTS=pthread_create  CMakeFiles/cmTC_536ab.dir/CheckFunctionExists.c.o -o cmTC_536ab  -lpthreads && :
/usr/bin/ld: невозможно найти -lpthreads
collect2: error: ld returned 1 exit status
ninja: build stopped: subcommand failed.



